<?xml version="1.0" encoding="UTF-8"?>
<coverage generated="1695651609168" clover="3.2.0">
  <project timestamp="1695651609168" name="All files">
    <metrics statements="121" coveredstatements="117" conditionals="18" coveredconditionals="16" methods="23" coveredmethods="23" elements="162" coveredelements="156" complexity="0" loc="121" ncloc="121" packages="1" files="3" classes="3"/>
    <file name="Game.ts" path="C:\dev\bowlingGame\Game.ts">
      <metrics statements="81" coveredstatements="79" conditionals="11" coveredconditionals="10" methods="6" coveredmethods="6"/>
      <line num="1" count="1" type="stmt"/>
      <line num="6" count="1" type="stmt"/>
      <line num="8" count="1" type="stmt"/>
      <line num="16" count="6" type="stmt"/>
      <line num="17" count="6" type="stmt"/>
      <line num="18" count="6" type="stmt"/>
      <line num="19" count="9" type="stmt"/>
      <line num="25" count="1" type="stmt"/>
      <line num="27" count="1" type="stmt"/>
      <line num="29" count="1" type="stmt"/>
      <line num="30" count="1" type="stmt"/>
      <line num="32" count="1" type="stmt"/>
      <line num="33" count="1" type="stmt"/>
      <line num="34" count="1" type="stmt"/>
      <line num="35" count="1" type="stmt"/>
      <line num="37" count="1" type="stmt"/>
      <line num="43" count="177" type="stmt"/>
      <line num="48" count="6" type="stmt"/>
      <line num="49" count="6" type="stmt"/>
      <line num="50" count="6" type="stmt"/>
      <line num="51" count="6" type="stmt"/>
      <line num="53" count="6" type="stmt"/>
      <line num="54" count="60" type="cond" truecount="1" falsecount="0"/>
      <line num="55" count="6" type="stmt"/>
      <line num="57" count="60" type="stmt"/>
      <line num="58" count="60" type="stmt"/>
      <line num="60" count="60" type="stmt"/>
      <line num="62" count="90" type="stmt"/>
      <line num="64" count="90" type="stmt"/>
      <line num="65" count="90" type="stmt"/>
      <line num="66" count="90" type="stmt"/>
      <line num="67" count="90" type="stmt"/>
      <line num="69" count="90" type="stmt"/>
      <line num="71" count="90" type="stmt"/>
      <line num="73" count="180" type="cond" truecount="1" falsecount="0"/>
      <line num="74" count="4" type="stmt"/>
      <line num="76" count="176" type="stmt"/>
      <line num="78" count="176" type="stmt"/>
      <line num="80" count="176" type="stmt"/>
      <line num="81" count="176" type="stmt"/>
      <line num="83" count="176" type="stmt"/>
      <line num="84" count="176" type="cond" truecount="1" falsecount="0"/>
      <line num="85" count="12" type="stmt"/>
      <line num="87" count="12" type="cond" truecount="1" falsecount="0"/>
      <line num="88" count="1" type="stmt"/>
      <line num="89" count="1" type="stmt"/>
      <line num="92" count="176" type="cond" truecount="1" falsecount="0"/>
      <line num="93" count="4" type="stmt"/>
      <line num="95" count="4" type="cond" truecount="0" falsecount="1"/>
      <line num="96" count="0" type="stmt"/>
      <line num="97" count="0" type="stmt"/>
      <line num="100" count="176" type="stmt"/>
      <line num="101" count="176" type="stmt"/>
      <line num="109" count="40" type="stmt"/>
      <line num="110" count="40" type="stmt"/>
      <line num="111" count="40" type="stmt"/>
      <line num="114" count="40" type="cond" truecount="2" falsecount="0"/>
      <line num="115" count="8" type="stmt"/>
      <line num="116" count="8" type="stmt"/>
      <line num="119" count="8" type="stmt"/>
      <line num="120" count="8" type="stmt"/>
      <line num="123" count="32" type="cond" truecount="2" falsecount="0"/>
      <line num="125" count="2" type="stmt"/>
      <line num="127" count="2" type="stmt"/>
      <line num="130" count="2" type="stmt"/>
      <line num="131" count="2" type="stmt"/>
      <line num="135" count="30" type="stmt"/>
      <line num="136" count="30" type="stmt"/>
      <line num="142" count="2" type="stmt"/>
      <line num="143" count="2" type="stmt"/>
      <line num="144" count="4" type="stmt"/>
      <line num="145" count="4" type="stmt"/>
      <line num="146" count="4" type="stmt"/>
      <line num="147" count="4" type="stmt"/>
      <line num="148" count="40" type="stmt"/>
      <line num="150" count="4" type="stmt"/>
      <line num="153" count="4" type="stmt"/>
      <line num="154" count="4" type="cond" truecount="1" falsecount="0"/>
      <line num="155" count="2" type="stmt"/>
      <line num="158" count="2" type="stmt"/>
      <line num="162" count="1" type="stmt"/>
    </file>
    <file name="Player.ts" path="C:\dev\bowlingGame\Player.ts">
      <metrics statements="13" coveredstatements="13" conditionals="0" coveredconditionals="0" methods="6" coveredmethods="6"/>
      <line num="1" count="1" type="stmt"/>
      <line num="5" count="1" type="stmt"/>
      <line num="11" count="9" type="stmt"/>
      <line num="15" count="9" type="stmt"/>
      <line num="16" count="9" type="stmt"/>
      <line num="17" count="9" type="stmt"/>
      <line num="18" count="9" type="stmt"/>
      <line num="22" count="96" type="stmt"/>
      <line num="26" count="104" type="stmt"/>
      <line num="31" count="177" type="stmt"/>
      <line num="35" count="8" type="stmt"/>
      <line num="39" count="4" type="stmt"/>
      <line num="43" count="1" type="stmt"/>
    </file>
    <file name="Score.ts" path="C:\dev\bowlingGame\Score.ts">
      <metrics statements="27" coveredstatements="25" conditionals="7" coveredconditionals="6" methods="11" coveredmethods="11"/>
      <line num="3" count="100" type="stmt"/>
      <line num="8" count="100" type="stmt"/>
      <line num="10" count="100" type="stmt"/>
      <line num="12" count="100" type="stmt"/>
      <line num="15" count="177" type="cond" truecount="2" falsecount="1"/>
      <line num="17" count="91" type="stmt"/>
      <line num="18" count="91" type="stmt"/>
      <line num="20" count="86" type="stmt"/>
      <line num="21" count="86" type="stmt"/>
      <line num="23" count="0" type="stmt"/>
      <line num="24" count="0" type="stmt"/>
      <line num="29" count="12" type="stmt"/>
      <line num="33" count="8" type="stmt"/>
      <line num="37" count="887" type="stmt"/>
      <line num="41" count="67" type="stmt"/>
      <line num="45" count="255" type="stmt"/>
      <line num="49" count="176" type="cond" truecount="3" falsecount="0"/>
      <line num="50" count="12" type="stmt"/>
      <line num="51" count="12" type="stmt"/>
      <line num="53" count="164" type="stmt"/>
      <line num="57" count="352" type="cond" truecount="1" falsecount="0"/>
      <line num="58" count="8" type="stmt"/>
      <line num="59" count="8" type="stmt"/>
      <line num="61" count="344" type="stmt"/>
      <line num="65" count="6" type="stmt"/>
      <line num="69" count="40" type="stmt"/>
      <line num="73" count="1" type="stmt"/>
    </file>
  </project>
</coverage>
