{"C:\\dev\\bowlingGame\\Game.ts": {"path":"C:\\dev\\bowlingGame\\Game.ts","statementMap":{"0":{"start":{"line":1,"column":0},"end":{"line":1,"column":30}},"1":{"start":{"line":16,"column":4},"end":{"line":16,"column":31}},"2":{"start":{"line":17,"column":4},"end":{"line":17,"column":41}},"3":{"start":{"line":18,"column":4},"end":{"line":20,"column":null}},"4":{"start":{"line":18,"column":17},"end":{"line":18,"column":18}},"5":{"start":{"line":19,"column":6},"end":{"line":19,"column":40}},"6":{"start":{"line":25,"column":25},"end":{"line":25,"column":43}},"7":{"start":{"line":27,"column":25},"end":{"line":27,"column":27}},"8":{"start":{"line":29,"column":4},"end":{"line":38,"column":null}},"9":{"start":{"line":29,"column":14},"end":{"line":29,"column":15}},"10":{"start":{"line":30,"column":28},"end":{"line":30,"column":53}},"11":{"start":{"line":32,"column":21},"end":{"line":32,"column":61}},"12":{"start":{"line":33,"column":6},"end":{"line":33,"column":24}},"13":{"start":{"line":34,"column":6},"end":{"line":34,"column":41}},"14":{"start":{"line":35,"column":6},"end":{"line":35,"column":50}},"15":{"start":{"line":37,"column":6},"end":{"line":37,"column":23}},"16":{"start":{"line":43,"column":4},"end":{"line":43,"column":62}},"17":{"start":{"line":48,"column":4},"end":{"line":48,"column":50}},"18":{"start":{"line":49,"column":4},"end":{"line":49,"column":50}},"19":{"start":{"line":50,"column":4},"end":{"line":50,"column":50}},"20":{"start":{"line":51,"column":30},"end":{"line":51,"column":35}},"21":{"start":{"line":53,"column":4},"end":{"line":104,"column":null}},"22":{"start":{"line":53,"column":17},"end":{"line":53,"column":18}},"23":{"start":{"line":54,"column":6},"end":{"line":56,"column":null}},"24":{"start":{"line":55,"column":8},"end":{"line":55,"column":25}},"25":{"start":{"line":57,"column":6},"end":{"line":57,"column":47}},"26":{"start":{"line":58,"column":6},"end":{"line":58,"column":38}},"27":{"start":{"line":60,"column":6},"end":{"line":103,"column":null}},"28":{"start":{"line":60,"column":19},"end":{"line":60,"column":20}},"29":{"start":{"line":62,"column":29},"end":{"line":62,"column":31}},"30":{"start":{"line":64,"column":23},"end":{"line":64,"column":41}},"31":{"start":{"line":65,"column":8},"end":{"line":65,"column":49}},"32":{"start":{"line":66,"column":8},"end":{"line":66,"column":75}},"33":{"start":{"line":67,"column":8},"end":{"line":67,"column":49}},"34":{"start":{"line":69,"column":27},"end":{"line":69,"column":48}},"35":{"start":{"line":71,"column":8},"end":{"line":102,"column":null}},"36":{"start":{"line":71,"column":21},"end":{"line":71,"column":22}},"37":{"start":{"line":73,"column":10},"end":{"line":75,"column":null}},"38":{"start":{"line":74,"column":12},"end":{"line":74,"column":18}},"39":{"start":{"line":76,"column":10},"end":{"line":76,"column":41}},"40":{"start":{"line":78,"column":25},"end":{"line":78,"column":65}},"41":{"start":{"line":80,"column":10},"end":{"line":80,"column":27}},"42":{"start":{"line":81,"column":10},"end":{"line":81,"column":28}},"43":{"start":{"line":83,"column":10},"end":{"line":83,"column":44}},"44":{"start":{"line":84,"column":10},"end":{"line":91,"column":null}},"45":{"start":{"line":85,"column":12},"end":{"line":85,"column":41}},"46":{"start":{"line":87,"column":12},"end":{"line":90,"column":null}},"47":{"start":{"line":88,"column":14},"end":{"line":88,"column":45}},"48":{"start":{"line":89,"column":14},"end":{"line":89,"column":40}},"49":{"start":{"line":92,"column":10},"end":{"line":99,"column":null}},"50":{"start":{"line":93,"column":12},"end":{"line":93,"column":41}},"51":{"start":{"line":95,"column":12},"end":{"line":98,"column":null}},"52":{"start":{"line":96,"column":14},"end":{"line":96,"column":46}},"53":{"start":{"line":97,"column":14},"end":{"line":97,"column":40}},"54":{"start":{"line":100,"column":10},"end":{"line":100,"column":43}},"55":{"start":{"line":101,"column":10},"end":{"line":101,"column":51}},"56":{"start":{"line":109,"column":25},"end":{"line":109,"column":43}},"57":{"start":{"line":110,"column":26},"end":{"line":110,"column":50}},"58":{"start":{"line":111,"column":21},"end":{"line":111,"column":64}},"59":{"start":{"line":114,"column":4},"end":{"line":137,"column":null}},"60":{"start":{"line":115,"column":20},"end":{"line":115,"column":61}},"61":{"start":{"line":116,"column":6},"end":{"line":116,"column":26}},"62":{"start":{"line":119,"column":6},"end":{"line":119,"column":45}},"63":{"start":{"line":120,"column":6},"end":{"line":120,"column":24}},"64":{"start":{"line":123,"column":9},"end":{"line":137,"column":null}},"65":{"start":{"line":125,"column":8},"end":{"line":126,"column":49}},"66":{"start":{"line":127,"column":6},"end":{"line":127,"column":26}},"67":{"start":{"line":130,"column":6},"end":{"line":130,"column":45}},"68":{"start":{"line":131,"column":6},"end":{"line":131,"column":24}},"69":{"start":{"line":135,"column":6},"end":{"line":135,"column":45}},"70":{"start":{"line":136,"column":6},"end":{"line":136,"column":24}},"71":{"start":{"line":142,"column":31},"end":{"line":142,"column":49}},"72":{"start":{"line":143,"column":4},"end":{"line":157,"column":null}},"73":{"start":{"line":143,"column":17},"end":{"line":143,"column":18}},"74":{"start":{"line":144,"column":25},"end":{"line":144,"column":43}},"75":{"start":{"line":145,"column":37},"end":{"line":145,"column":38}},"76":{"start":{"line":146,"column":27},"end":{"line":146,"column":51}},"77":{"start":{"line":147,"column":6},"end":{"line":149,"column":null}},"78":{"start":{"line":147,"column":19},"end":{"line":147,"column":20}},"79":{"start":{"line":148,"column":8},"end":{"line":148,"column":68}},"80":{"start":{"line":150,"column":6},"end":{"line":152,"column":8}},"81":{"start":{"line":153,"column":6},"end":{"line":153,"column":51}},"82":{"start":{"line":154,"column":6},"end":{"line":156,"column":null}},"83":{"start":{"line":155,"column":8},"end":{"line":155,"column":36}},"84":{"start":{"line":158,"column":4},"end":{"line":158,"column":null}},"85":{"start":{"line":6,"column":16},"end":{"line":6,"column":36}},"86":{"start":{"line":8,"column":16},"end":{"line":8,"column":39}},"87":{"start":{"line":162,"column":0},"end":{"line":162,"column":20}}},"fnMap":{"0":{"name":"(anonymous_1)","decl":{"start":{"line":15,"column":2},"end":{"line":15,"column":21}},"loc":{"start":{"line":15,"column":36},"end":{"line":21,"column":3}}},"1":{"name":"(anonymous_2)","decl":{"start":{"line":24,"column":9},"end":{"line":24,"column":18}},"loc":{"start":{"line":24,"column":50},"end":{"line":39,"column":3}}},"2":{"name":"(anonymous_3)","decl":{"start":{"line":42,"column":9},"end":{"line":42,"column":13}},"loc":{"start":{"line":42,"column":30},"end":{"line":44,"column":3}}},"3":{"name":"(anonymous_4)","decl":{"start":{"line":47,"column":9},"end":{"line":47,"column":13}},"loc":{"start":{"line":47,"column":13},"end":{"line":105,"column":3}}},"4":{"name":"(anonymous_5)","decl":{"start":{"line":108,"column":9},"end":{"line":108,"column":26}},"loc":{"start":{"line":108,"column":62},"end":{"line":138,"column":3}}},"5":{"name":"(anonymous_6)","decl":{"start":{"line":141,"column":9},"end":{"line":141,"column":14}},"loc":{"start":{"line":141,"column":14},"end":{"line":159,"column":3}}}},"branchMap":{"0":{"loc":{"start":{"line":54,"column":6},"end":{"line":56,"column":null}},"type":"if","locations":[{"start":{"line":54,"column":6},"end":{"line":56,"column":null}}]},"1":{"loc":{"start":{"line":73,"column":10},"end":{"line":75,"column":null}},"type":"if","locations":[{"start":{"line":73,"column":10},"end":{"line":75,"column":null}}]},"2":{"loc":{"start":{"line":84,"column":10},"end":{"line":91,"column":null}},"type":"if","locations":[{"start":{"line":84,"column":10},"end":{"line":91,"column":null}}]},"3":{"loc":{"start":{"line":87,"column":12},"end":{"line":90,"column":null}},"type":"if","locations":[{"start":{"line":87,"column":12},"end":{"line":90,"column":null}}]},"4":{"loc":{"start":{"line":92,"column":10},"end":{"line":99,"column":null}},"type":"if","locations":[{"start":{"line":92,"column":10},"end":{"line":99,"column":null}}]},"5":{"loc":{"start":{"line":95,"column":12},"end":{"line":98,"column":null}},"type":"if","locations":[{"start":{"line":95,"column":12},"end":{"line":98,"column":null}}]},"6":{"loc":{"start":{"line":114,"column":4},"end":{"line":137,"column":null}},"type":"if","locations":[{"start":{"line":114,"column":4},"end":{"line":137,"column":null}},{"start":{"line":123,"column":9},"end":{"line":137,"column":null}}]},"7":{"loc":{"start":{"line":123,"column":9},"end":{"line":137,"column":null}},"type":"if","locations":[{"start":{"line":123,"column":9},"end":{"line":137,"column":null}},{"start":{"line":134,"column":9},"end":{"line":137,"column":null}}]},"8":{"loc":{"start":{"line":154,"column":6},"end":{"line":156,"column":null}},"type":"if","locations":[{"start":{"line":154,"column":6},"end":{"line":156,"column":null}}]}},"s":{"0":1,"1":6,"2":6,"3":6,"4":6,"5":9,"6":1,"7":1,"8":1,"9":1,"10":1,"11":1,"12":1,"13":1,"14":1,"15":1,"16":177,"17":6,"18":6,"19":6,"20":6,"21":6,"22":6,"23":60,"24":6,"25":60,"26":60,"27":60,"28":60,"29":90,"30":90,"31":90,"32":90,"33":90,"34":90,"35":90,"36":90,"37":180,"38":4,"39":176,"40":176,"41":176,"42":176,"43":176,"44":176,"45":12,"46":12,"47":1,"48":1,"49":176,"50":4,"51":4,"52":0,"53":0,"54":176,"55":176,"56":40,"57":40,"58":40,"59":40,"60":8,"61":8,"62":8,"63":8,"64":32,"65":2,"66":2,"67":2,"68":2,"69":30,"70":30,"71":2,"72":2,"73":2,"74":4,"75":4,"76":4,"77":4,"78":4,"79":40,"80":4,"81":4,"82":4,"83":2,"84":2,"85":1,"86":1,"87":1},"f":{"0":6,"1":1,"2":177,"3":6,"4":40,"5":2},"b":{"0":[6],"1":[4],"2":[12],"3":[1],"4":[4],"5":[0],"6":[8,32],"7":[2,30],"8":[2]}}
,"C:\\dev\\bowlingGame\\Player.ts": {"path":"C:\\dev\\bowlingGame\\Player.ts","statementMap":{"0":{"start":{"line":1,"column":0},"end":{"line":1,"column":28}},"1":{"start":{"line":11,"column":12},"end":{"line":11,"column":36}},"2":{"start":{"line":15,"column":8},"end":{"line":15,"column":39}},"3":{"start":{"line":16,"column":8},"end":{"line":16,"column":31}},"4":{"start":{"line":17,"column":112},"end":{"line":17,"column":252}},"5":{"start":{"line":18,"column":8},"end":{"line":18,"column":40}},"6":{"start":{"line":22,"column":8},"end":{"line":22,"column":23}},"7":{"start":{"line":26,"column":8},"end":{"line":26,"column":27}},"8":{"start":{"line":31,"column":8},"end":{"line":31,"column":49}},"9":{"start":{"line":35,"column":8},"end":{"line":35,"column":31}},"10":{"start":{"line":39,"column":8},"end":{"line":39,"column":37}},"11":{"start":{"line":5,"column":19},"end":{"line":5,"column":44}},"12":{"start":{"line":43,"column":0},"end":{"line":43,"column":22}}},"fnMap":{"0":{"name":"(anonymous_1)","decl":{"start":{"line":14,"column":4},"end":{"line":14,"column":null}},"loc":{"start":{"line":14,"column":4},"end":{"line":19,"column":5}}},"1":{"name":"(anonymous_2)","decl":{"start":{"line":21,"column":11},"end":{"line":21,"column":16}},"loc":{"start":{"line":21,"column":16},"end":{"line":23,"column":5}}},"2":{"name":"(anonymous_3)","decl":{"start":{"line":25,"column":11},"end":{"line":25,"column":20}},"loc":{"start":{"line":25,"column":20},"end":{"line":27,"column":5}}},"3":{"name":"(anonymous_4)","decl":{"start":{"line":30,"column":11},"end":{"line":30,"column":19}},"loc":{"start":{"line":30,"column":63},"end":{"line":32,"column":5}}},"4":{"name":"(anonymous_5)","decl":{"start":{"line":34,"column":11},"end":{"line":34,"column":24}},"loc":{"start":{"line":34,"column":24},"end":{"line":36,"column":5}}},"5":{"name":"(anonymous_6)","decl":{"start":{"line":38,"column":11},"end":{"line":38,"column":24}},"loc":{"start":{"line":38,"column":44},"end":{"line":40,"column":5}}}},"branchMap":{},"s":{"0":1,"1":9,"2":9,"3":9,"4":9,"5":9,"6":96,"7":104,"8":177,"9":8,"10":4,"11":1,"12":1},"f":{"0":9,"1":96,"2":104,"3":177,"4":8,"5":4},"b":{}}
,"C:\\dev\\bowlingGame\\Score.ts": {"path":"C:\\dev\\bowlingGame\\Score.ts","statementMap":{"0":{"start":{"line":3,"column":10},"end":{"line":6,"column":31}},"1":{"start":{"line":8,"column":10},"end":{"line":8,"column":33}},"2":{"start":{"line":10,"column":10},"end":{"line":10,"column":34}},"3":{"start":{"line":12,"column":10},"end":{"line":12,"column":35}},"4":{"start":{"line":15,"column":4},"end":{"line":25,"column":null}},"5":{"start":{"line":17,"column":8},"end":{"line":17,"column":42}},"6":{"start":{"line":18,"column":8},"end":{"line":18,"column":14}},"7":{"start":{"line":20,"column":8},"end":{"line":20,"column":42}},"8":{"start":{"line":21,"column":8},"end":{"line":21,"column":14}},"9":{"start":{"line":23,"column":8},"end":{"line":23,"column":20}},"10":{"start":{"line":24,"column":8},"end":{"line":24,"column":14}},"11":{"start":{"line":29,"column":4},"end":{"line":29,"column":25}},"12":{"start":{"line":33,"column":4},"end":{"line":33,"column":27}},"13":{"start":{"line":37,"column":4},"end":{"line":37,"column":23}},"14":{"start":{"line":41,"column":4},"end":{"line":41,"column":22}},"15":{"start":{"line":45,"column":4},"end":{"line":45,"column":23}},"16":{"start":{"line":49,"column":4},"end":{"line":52,"column":null}},"17":{"start":{"line":50,"column":6},"end":{"line":50,"column":26}},"18":{"start":{"line":51,"column":6},"end":{"line":51,"column":18}},"19":{"start":{"line":53,"column":4},"end":{"line":53,"column":17}},"20":{"start":{"line":57,"column":4},"end":{"line":60,"column":null}},"21":{"start":{"line":58,"column":6},"end":{"line":58,"column":27}},"22":{"start":{"line":59,"column":6},"end":{"line":59,"column":18}},"23":{"start":{"line":61,"column":4},"end":{"line":61,"column":17}},"24":{"start":{"line":65,"column":4},"end":{"line":65,"column":27}},"25":{"start":{"line":69,"column":4},"end":{"line":69,"column":34}},"26":{"start":{"line":73,"column":0},"end":{"line":73,"column":21}}},"fnMap":{"0":{"name":"(anonymous_0)","decl":{"start":{"line":1,"column":0},"end":{"line":1,"column":6}},"loc":{"start":{"line":1,"column":0},"end":{"line":71,"column":1}}},"1":{"name":"(anonymous_1)","decl":{"start":{"line":14,"column":9},"end":{"line":14,"column":18}},"loc":{"start":{"line":14,"column":54},"end":{"line":26,"column":3}}},"2":{"name":"(anonymous_2)","decl":{"start":{"line":28,"column":9},"end":{"line":28,"column":17}},"loc":{"start":{"line":28,"column":34},"end":{"line":30,"column":3}}},"3":{"name":"(anonymous_3)","decl":{"start":{"line":32,"column":9},"end":{"line":32,"column":18}},"loc":{"start":{"line":32,"column":36},"end":{"line":34,"column":3}}},"4":{"name":"(anonymous_4)","decl":{"start":{"line":36,"column":9},"end":{"line":36,"column":18}},"loc":{"start":{"line":36,"column":18},"end":{"line":38,"column":3}}},"5":{"name":"(anonymous_5)","decl":{"start":{"line":40,"column":9},"end":{"line":40,"column":17}},"loc":{"start":{"line":40,"column":17},"end":{"line":42,"column":3}}},"6":{"name":"(anonymous_6)","decl":{"start":{"line":44,"column":9},"end":{"line":44,"column":18}},"loc":{"start":{"line":44,"column":18},"end":{"line":46,"column":3}}},"7":{"name":"(anonymous_7)","decl":{"start":{"line":48,"column":9},"end":{"line":48,"column":19}},"loc":{"start":{"line":48,"column":19},"end":{"line":54,"column":3}}},"8":{"name":"(anonymous_8)","decl":{"start":{"line":56,"column":9},"end":{"line":56,"column":20}},"loc":{"start":{"line":56,"column":20},"end":{"line":62,"column":3}}},"9":{"name":"(anonymous_9)","decl":{"start":{"line":64,"column":9},"end":{"line":64,"column":22}},"loc":{"start":{"line":64,"column":22},"end":{"line":66,"column":3}}},"10":{"name":"(anonymous_10)","decl":{"start":{"line":68,"column":9},"end":{"line":68,"column":22}},"loc":{"start":{"line":68,"column":43},"end":{"line":70,"column":3}}}},"branchMap":{"0":{"loc":{"start":{"line":15,"column":4},"end":{"line":25,"column":null}},"type":"switch","locations":[{"start":{"line":16,"column":6},"end":{"line":18,"column":14}},{"start":{"line":19,"column":6},"end":{"line":21,"column":14}},{"start":{"line":22,"column":6},"end":{"line":24,"column":14}}]},"1":{"loc":{"start":{"line":49,"column":4},"end":{"line":52,"column":null}},"type":"if","locations":[{"start":{"line":49,"column":4},"end":{"line":52,"column":null}}]},"2":{"loc":{"start":{"line":49,"column":8},"end":{"line":49,"column":89}},"type":"binary-expr","locations":[{"start":{"line":49,"column":8},"end":{"line":49,"column":27}},{"start":{"line":49,"column":32},"end":{"line":49,"column":88}}]},"3":{"loc":{"start":{"line":57,"column":4},"end":{"line":60,"column":null}},"type":"if","locations":[{"start":{"line":57,"column":4},"end":{"line":60,"column":null}}]}},"s":{"0":100,"1":100,"2":100,"3":100,"4":177,"5":91,"6":91,"7":86,"8":86,"9":0,"10":0,"11":12,"12":8,"13":887,"14":67,"15":255,"16":176,"17":12,"18":12,"19":164,"20":352,"21":8,"22":8,"23":344,"24":6,"25":40,"26":1},"f":{"0":100,"1":177,"2":12,"3":8,"4":887,"5":67,"6":255,"7":176,"8":352,"9":6,"10":40},"b":{"0":[91,86,0],"1":[12],"2":[176,172],"3":[8]}}
}
