TN:
SF:Game.ts
FN:15,(anonymous_1)
FN:24,(anonymous_2)
FN:42,(anonymous_3)
FN:47,(anonymous_4)
FN:108,(anonymous_5)
FN:141,(anonymous_6)
FNF:6
FNH:6
FNDA:6,(anonymous_1)
FNDA:1,(anonymous_2)
FNDA:177,(anonymous_3)
FNDA:6,(anonymous_4)
FNDA:40,(anonymous_5)
FNDA:2,(anonymous_6)
DA:1,1
DA:6,1
DA:8,1
DA:16,6
DA:17,6
DA:18,6
DA:19,9
DA:25,1
DA:27,1
DA:29,1
DA:30,1
DA:32,1
DA:33,1
DA:34,1
DA:35,1
DA:37,1
DA:43,177
DA:48,6
DA:49,6
DA:50,6
DA:51,6
DA:53,6
DA:54,60
DA:55,6
DA:57,60
DA:58,60
DA:60,60
DA:62,90
DA:64,90
DA:65,90
DA:66,90
DA:67,90
DA:69,90
DA:71,90
DA:73,180
DA:74,4
DA:76,176
DA:78,176
DA:80,176
DA:81,176
DA:83,176
DA:84,176
DA:85,12
DA:87,12
DA:88,1
DA:89,1
DA:92,176
DA:93,4
DA:95,4
DA:96,0
DA:97,0
DA:100,176
DA:101,176
DA:109,40
DA:110,40
DA:111,40
DA:114,40
DA:115,8
DA:116,8
DA:119,8
DA:120,8
DA:123,32
DA:125,2
DA:127,2
DA:130,2
DA:131,2
DA:135,30
DA:136,30
DA:142,2
DA:143,2
DA:144,4
DA:145,4
DA:146,4
DA:147,4
DA:148,40
DA:150,4
DA:153,4
DA:154,4
DA:155,2
DA:158,2
DA:162,1
LF:81
LH:79
BRDA:54,0,0,6
BRDA:73,1,0,4
BRDA:84,2,0,12
BRDA:87,3,0,1
BRDA:92,4,0,4
BRDA:95,5,0,0
BRDA:114,6,0,8
BRDA:114,6,1,32
BRDA:123,7,0,2
BRDA:123,7,1,30
BRDA:154,8,0,2
BRF:11
BRH:10
end_of_record
TN:
SF:Player.ts
FN:14,(anonymous_1)
FN:21,(anonymous_2)
FN:25,(anonymous_3)
FN:30,(anonymous_4)
FN:34,(anonymous_5)
FN:38,(anonymous_6)
FNF:6
FNH:6
FNDA:9,(anonymous_1)
FNDA:96,(anonymous_2)
FNDA:104,(anonymous_3)
FNDA:177,(anonymous_4)
FNDA:8,(anonymous_5)
FNDA:4,(anonymous_6)
DA:1,1
DA:5,1
DA:11,9
DA:15,9
DA:16,9
DA:17,9
DA:18,9
DA:22,96
DA:26,104
DA:31,177
DA:35,8
DA:39,4
DA:43,1
LF:13
LH:13
BRF:0
BRH:0
end_of_record
TN:
SF:Score.ts
FN:1,(anonymous_0)
FN:14,(anonymous_1)
FN:28,(anonymous_2)
FN:32,(anonymous_3)
FN:36,(anonymous_4)
FN:40,(anonymous_5)
FN:44,(anonymous_6)
FN:48,(anonymous_7)
FN:56,(anonymous_8)
FN:64,(anonymous_9)
FN:68,(anonymous_10)
FNF:11
FNH:11
FNDA:100,(anonymous_0)
FNDA:177,(anonymous_1)
FNDA:12,(anonymous_2)
FNDA:8,(anonymous_3)
FNDA:887,(anonymous_4)
FNDA:67,(anonymous_5)
FNDA:255,(anonymous_6)
FNDA:176,(anonymous_7)
FNDA:352,(anonymous_8)
FNDA:6,(anonymous_9)
FNDA:40,(anonymous_10)
DA:3,100
DA:8,100
DA:10,100
DA:12,100
DA:15,177
DA:17,91
DA:18,91
DA:20,86
DA:21,86
DA:23,0
DA:24,0
DA:29,12
DA:33,8
DA:37,887
DA:41,67
DA:45,255
DA:49,176
DA:50,12
DA:51,12
DA:53,164
DA:57,352
DA:58,8
DA:59,8
DA:61,344
DA:65,6
DA:69,40
DA:73,1
LF:27
LH:25
BRDA:15,0,0,91
BRDA:15,0,1,86
BRDA:15,0,2,0
BRDA:49,1,0,12
BRDA:49,2,0,176
BRDA:49,2,1,172
BRDA:57,3,0,8
BRF:7
BRH:6
end_of_record
